2016-01-28 00:13:24 -  - exec CUpdateClientPartner::SearchModulesEx
2016-01-28 00:13:24 -  - exec CUpdateClientPartner::__CollectRequestData
2016-01-28 00:13:24 -  - utf=Y&lang=ru&stable=Y&CANGZIP=Y&SUPD_DBS=MYSQL&XE=N&CLIENT_SITE=16433.b2120.dhpage.net&LICENSE_KEY=X&SUPD_STS=1&SUPD_URS=0&SUPD_URSA=1&TYPENC=F&CLIENT_PHPVER=5.4.40&dbv=5.6.26&instm=main%2C15.5.10%2CN%3Blists%2C15.5.3%2CN%3Bclouds%2C15.5.1%2CN%3Bcluster%2C15.5.0%2CN%3Bsocialnetwork%2C15.5.5%2CN%3Bmail%2C15.5.1%2CN%3Bfileman%2C15.5.2%2CN%3Bblog%2C15.5.4%2CN%3Bsecurity%2C15.5.4%2CN%3Bidea%2C15.0.1%2CN%3Bim%2C15.5.15%2CN%3Bsearch%2C15.5.1%2CN%3Bsupport%2C15.5.0%2CN%3Bforum%2C15.5.3%2CN%3Bconversion%2C15.5.5%2CN%3Bbitrix.sitecorporate%2C15.0.0%2CN%3Blearning%2C15.5.0%2CN%3Bbizproc%2C15.6.1%2CN%3Bseo%2C15.5.5%2CN%3Bcatalog%2C15.5.9%2CN%3Bbitrix.sitecommunity%2C15.0.0%2CN%3Bpull%2C15.5.8%2CN%3Bhighloadblock%2C15.5.0%2CN%3Bsale%2C15.5.11%2CN%3Bphotogallery%2C15.0.0%2CN%3Bwiki%2C15.5.0%2CN%3Bperfmon%2C15.5.1%2CN%3Bform%2C15.0.2%2CN%3Bbitrix.sitepersonal%2C15.0.0%2CN%3Badvertising%2C15.5.3%2CN%3Bsender%2C15.5.3%2CN%3Bbitrix.eshop%2C15.5.2%2CN%3Bvote%2C15.5.0%2CN%3Bsocialservices%2C15.5.3%2CN%3Bbizprocdesigner%2C15.5.0%2CN%3Bcalendar%2C15.5.0%2CN%3Btranslate%2C14.0.0%2CN%3Babtest%2C15.5.5%2CN%3Biblock%2C15.5.11%2CN%3Bscale%2C14.5.2%2CN%3Bsubscribe%2C15.0.2%2CN%3Breport%2C15.0.0%2CN%3Bcurrency%2C15.5.2%2CN%3Bcompression%2C14.0.0%2CN%3Bwebservice%2C11.5.0%2CN%3Bldap%2C15.5.0%2CN%3Bmobileapp%2C15.5.7%2CN%3Bstoreassist%2C15.0.3%2CN%3Bbitrixcloud%2C15.5.0%2CN%3Bstatistic%2C15.0.1%2CN%3Beshopapp%2C15.0.0%2CN%3Bworkflow%2C14.5.1%2CN&search_module_id=&search_module=&search_category=7%2C14&search_type=&search_order=DESC&search_order_by=SORT&search_page=1&SUPD_SRS=0&SUPD_CMP=N
2016-01-28 00:13:24 -  - exec CUpdateClientPartner::GetHTTPPage
2016-01-28 00:13:25 -  - TIME SearchModulesEx(request) 1.293 sec
2016-01-28 00:13:25 -  - exec CUpdateClientPartner::ParseServerData
2016-01-28 00:13:31 -  - exec CUpdateClientPartner::LoadModuleNoDemand
2016-01-28 00:13:31 -  - exec CUpdateClientPartner::__CollectRequestData
2016-01-28 00:13:31 -  - utf=Y&lang=ru&stable=Y&CANGZIP=Y&SUPD_DBS=MYSQL&XE=N&CLIENT_SITE=16433.b2120.dhpage.net&LICENSE_KEY=X&SUPD_STS=1&SUPD_URS=0&SUPD_URSA=1&TYPENC=F&CLIENT_PHPVER=5.4.40&dbv=5.6.26&instm=main%2C15.5.10%2CN%3Blists%2C15.5.3%2CN%3Bclouds%2C15.5.1%2CN%3Bcluster%2C15.5.0%2CN%3Bsocialnetwork%2C15.5.5%2CN%3Bmail%2C15.5.1%2CN%3Bfileman%2C15.5.2%2CN%3Bblog%2C15.5.4%2CN%3Bsecurity%2C15.5.4%2CN%3Bidea%2C15.0.1%2CN%3Bim%2C15.5.15%2CN%3Bsearch%2C15.5.1%2CN%3Bsupport%2C15.5.0%2CN%3Bforum%2C15.5.3%2CN%3Bconversion%2C15.5.5%2CN%3Bbitrix.sitecorporate%2C15.0.0%2CN%3Blearning%2C15.5.0%2CN%3Bbizproc%2C15.6.1%2CN%3Bseo%2C15.5.5%2CN%3Bcatalog%2C15.5.9%2CN%3Bbitrix.sitecommunity%2C15.0.0%2CN%3Bpull%2C15.5.8%2CN%3Bhighloadblock%2C15.5.0%2CN%3Bsale%2C15.5.11%2CN%3Bphotogallery%2C15.0.0%2CN%3Bwiki%2C15.5.0%2CN%3Bperfmon%2C15.5.1%2CN%3Bform%2C15.0.2%2CN%3Bbitrix.sitepersonal%2C15.0.0%2CN%3Badvertising%2C15.5.3%2CN%3Bsender%2C15.5.3%2CN%3Bbitrix.eshop%2C15.5.2%2CN%3Bvote%2C15.5.0%2CN%3Bsocialservices%2C15.5.3%2CN%3Bbizprocdesigner%2C15.5.0%2CN%3Bcalendar%2C15.5.0%2CN%3Btranslate%2C14.0.0%2CN%3Babtest%2C15.5.5%2CN%3Biblock%2C15.5.11%2CN%3Bscale%2C14.5.2%2CN%3Bsubscribe%2C15.0.2%2CN%3Breport%2C15.0.0%2CN%3Bcurrency%2C15.5.2%2CN%3Bcompression%2C14.0.0%2CN%3Bwebservice%2C11.5.0%2CN%3Bldap%2C15.5.0%2CN%3Bmobileapp%2C15.5.7%2CN%3Bstoreassist%2C15.0.3%2CN%3Bbitrixcloud%2C15.5.0%2CN%3Bstatistic%2C15.0.1%2CN%3Beshopapp%2C15.0.0%2CN%3Bworkflow%2C14.5.1%2CN&reqm=advent.youstore&lim=Y&SUPD_SRS=0&SUPD_CMP=N
2016-01-28 00:13:31 -  - exec CUpdateClientPartner::GetHTTPPage
2016-01-28 00:13:44 -  - TIME LoadModuleNoDemand(request) 13.28 sec
2016-01-28 00:13:45 -  - exec CUpdateClientPartner::UnGzipArchive
2016-01-28 00:13:46 -  - TIME UnGzipArchive 1.706 sec
2016-01-28 00:13:46 -  - exec CUpdateClientPartner::GetStepUpdateInfo
2016-01-28 00:13:46 -  - exec CUpdateClientPartner::ParseServerData
2016-01-28 00:13:47 -  - TIME UpdateStepModules 1.253 sec
2016-01-28 00:23:14 -  - exec CUpdateClientPartner::GetUpdatesList
2016-01-28 00:23:14 -  - exec CUpdateClientPartner::__CollectRequestData
2016-01-28 00:23:14 -  - utf=Y&lang=ru&stable=Y&CANGZIP=Y&SUPD_DBS=MYSQL&XE=N&CLIENT_SITE=lovestore.top&LICENSE_KEY=X&SUPD_STS=1&SUPD_URS=0&SUPD_URSA=1&TYPENC=F&CLIENT_PHPVER=5.4.40&dbv=5.6.26&instm=main%2C15.5.10%2CN%3Blists%2C15.5.3%2CN%3Bclouds%2C15.5.1%2CN%3Bcluster%2C15.5.0%2CN%3Bsocialnetwork%2C15.5.5%2CN%3Bmail%2C15.5.1%2CN%3Bfileman%2C15.5.2%2CN%3Bblog%2C15.5.4%2CN%3Bsecurity%2C15.5.4%2CN%3Bidea%2C15.0.1%2CN%3Bim%2C15.5.15%2CN%3Bsearch%2C15.5.1%2CN%3Bsupport%2C15.5.0%2CN%3Bforum%2C15.5.3%2CN%3Bconversion%2C15.5.5%2CN%3Bbitrix.sitecorporate%2C15.0.0%2CN%3Blearning%2C15.5.0%2CN%3Bbizproc%2C15.6.1%2CN%3Bseo%2C15.5.5%2CN%3Bcatalog%2C15.5.9%2CN%3Bbitrix.sitecommunity%2C15.0.0%2CN%3Bpull%2C15.5.8%2CN%3Bhighloadblock%2C15.5.0%2CN%3Bsale%2C15.5.11%2CN%3Bphotogallery%2C15.0.0%2CN%3Bwiki%2C15.5.0%2CN%3Bperfmon%2C15.5.1%2CN%3Bform%2C15.0.2%2CN%3Bbitrix.sitepersonal%2C15.0.0%2CN%3Badvertising%2C15.5.3%2CN%3Bsender%2C15.5.3%2CN%3Bbitrix.eshop%2C15.5.2%2CN%3Bvote%2C15.5.0%2CN%3Badvent.youstore%2C1.0.0%2CN%3Bsocialservices%2C15.5.3%2CN%3Bbizprocdesigner%2C15.5.0%2CN%3Bcalendar%2C15.5.0%2CN%3Btranslate%2C14.0.0%2CN%3Babtest%2C15.5.5%2CN%3Biblock%2C15.5.11%2CN%3Bscale%2C14.5.2%2CN%3Bsubscribe%2C15.0.2%2CN%3Breport%2C15.0.0%2CN%3Bcurrency%2C15.5.2%2CN%3Bcompression%2C14.0.0%2CN%3Bwebservice%2C11.5.0%2CN%3Bldap%2C15.5.0%2CN%3Bmobileapp%2C15.5.7%2CN%3Bstoreassist%2C15.0.3%2CN%3Bbitrixcloud%2C15.5.0%2CN%3Bstatistic%2C15.0.1%2CN%3Beshopapp%2C15.0.0%2CN%3Bworkflow%2C14.5.1%2CN&reqm=bitrix.sitecorporate%2Cbitrix.sitecommunity%2Cbitrix.sitepersonal%2Cbitrix.eshop%2Cadvent.youstore&SUPD_SRS=0&SUPD_CMP=N
2016-01-28 00:23:14 -  - exec CUpdateClientPartner::GetHTTPPage
2016-01-28 00:23:14 -  - TIME GetUpdatesList(request) 0.465 sec
2016-01-28 00:23:14 -  - exec CUpdateClientPartner::ParseServerData
2016-01-28 00:23:18 -  - exec CUpdateClientPartner::LoadModulesUpdates
2016-01-28 00:23:18 -  - exec CUpdateClientPartner::__CollectRequestData
2016-01-28 00:23:18 -  - utf=Y&lang=ru&stable=Y&CANGZIP=Y&SUPD_DBS=MYSQL&XE=N&CLIENT_SITE=lovestore.top&LICENSE_KEY=X&SUPD_STS=1&SUPD_URS=0&SUPD_URSA=1&TYPENC=F&CLIENT_PHPVER=5.4.40&dbv=5.6.26&instm=main%2C15.5.10%2CN%3Blists%2C15.5.3%2CN%3Bclouds%2C15.5.1%2CN%3Bcluster%2C15.5.0%2CN%3Bsocialnetwork%2C15.5.5%2CN%3Bmail%2C15.5.1%2CN%3Bfileman%2C15.5.2%2CN%3Bblog%2C15.5.4%2CN%3Bsecurity%2C15.5.4%2CN%3Bidea%2C15.0.1%2CN%3Bim%2C15.5.15%2CN%3Bsearch%2C15.5.1%2CN%3Bsupport%2C15.5.0%2CN%3Bforum%2C15.5.3%2CN%3Bconversion%2C15.5.5%2CN%3Bbitrix.sitecorporate%2C15.0.0%2CN%3Blearning%2C15.5.0%2CN%3Bbizproc%2C15.6.1%2CN%3Bseo%2C15.5.5%2CN%3Bcatalog%2C15.5.9%2CN%3Bbitrix.sitecommunity%2C15.0.0%2CN%3Bpull%2C15.5.8%2CN%3Bhighloadblock%2C15.5.0%2CN%3Bsale%2C15.5.11%2CN%3Bphotogallery%2C15.0.0%2CN%3Bwiki%2C15.5.0%2CN%3Bperfmon%2C15.5.1%2CN%3Bform%2C15.0.2%2CN%3Bbitrix.sitepersonal%2C15.0.0%2CN%3Badvertising%2C15.5.3%2CN%3Bsender%2C15.5.3%2CN%3Bbitrix.eshop%2C15.5.2%2CN%3Bvote%2C15.5.0%2CN%3Badvent.youstore%2C1.0.0%2CN%3Bsocialservices%2C15.5.3%2CN%3Bbizprocdesigner%2C15.5.0%2CN%3Bcalendar%2C15.5.0%2CN%3Btranslate%2C14.0.0%2CN%3Babtest%2C15.5.5%2CN%3Biblock%2C15.5.11%2CN%3Bscale%2C14.5.2%2CN%3Bsubscribe%2C15.0.2%2CN%3Breport%2C15.0.0%2CN%3Bcurrency%2C15.5.2%2CN%3Bcompression%2C14.0.0%2CN%3Bwebservice%2C11.5.0%2CN%3Bldap%2C15.5.0%2CN%3Bmobileapp%2C15.5.7%2CN%3Bstoreassist%2C15.0.3%2CN%3Bbitrixcloud%2C15.5.0%2CN%3Bstatistic%2C15.0.1%2CN%3Beshopapp%2C15.0.0%2CN%3Bworkflow%2C14.5.1%2CN&reqm=bitrix.sitecorporate%2Cbitrix.sitecommunity%2Cbitrix.sitepersonal%2Cbitrix.eshop%2Cadvent.youstore&SUPD_SRS=0&SUPD_CMP=N
2016-01-28 00:23:18 -  - exec CUpdateClientPartner::GetHTTPPage
2016-01-28 00:23:18 -  - TIME LoadModulesUpdates(request) 0.291 sec
2016-01-28 00:23:18 -  - exec CUpdateClientPartner::ParseServerData
2016-01-28 00:23:18 - LMU01 - LoadModulesUpdates-Step
2016-01-28 00:23:19 -  - exec CUpdateClientPartner::LoadModulesUpdates
2016-01-28 00:23:19 -  - exec CUpdateClientPartner::__CollectRequestData
2016-01-28 00:23:19 -  - exec CUpdateClientPartner::ParseServerData
2016-01-28 00:23:19 - DOWNLOAD - Time - 0.30445098876953 sec
2016-01-28 00:23:19 -  - exec CUpdateClientPartner::UnGzipArchive
2016-01-28 00:23:19 -  - TIME UnGzipArchive 0.001 sec
2016-01-28 00:23:19 - CSURUS1 - Run updater '/bitrix/updates/update_m1453929799/advent.youstore/updater1.0.1.php'
2016-01-28 00:23:19 -  - TIME UpdateStepModules 0.003 sec
2016-01-28 00:23:19 - UPD_SUCCESS - Updated: advent.youstore (1.0.1)<br>Мелкие исправления
2016-01-28 00:23:19 -  - exec CUpdateClientPartner::LoadModulesUpdates
2016-01-28 00:23:19 -  - exec CUpdateClientPartner::__CollectRequestData
2016-01-28 00:23:19 -  - utf=Y&lang=ru&stable=Y&CANGZIP=Y&SUPD_DBS=MYSQL&XE=N&CLIENT_SITE=lovestore.top&LICENSE_KEY=X&SUPD_STS=1&SUPD_URS=0&SUPD_URSA=1&TYPENC=F&CLIENT_PHPVER=5.4.40&dbv=5.6.26&instm=main%2C15.5.10%2CN%3Blists%2C15.5.3%2CN%3Bclouds%2C15.5.1%2CN%3Bcluster%2C15.5.0%2CN%3Bsocialnetwork%2C15.5.5%2CN%3Bmail%2C15.5.1%2CN%3Bfileman%2C15.5.2%2CN%3Bblog%2C15.5.4%2CN%3Bsecurity%2C15.5.4%2CN%3Bidea%2C15.0.1%2CN%3Bim%2C15.5.15%2CN%3Bsearch%2C15.5.1%2CN%3Bsupport%2C15.5.0%2CN%3Bforum%2C15.5.3%2CN%3Bconversion%2C15.5.5%2CN%3Bbitrix.sitecorporate%2C15.0.0%2CN%3Blearning%2C15.5.0%2CN%3Bbizproc%2C15.6.1%2CN%3Bseo%2C15.5.5%2CN%3Bcatalog%2C15.5.9%2CN%3Bbitrix.sitecommunity%2C15.0.0%2CN%3Bpull%2C15.5.8%2CN%3Bhighloadblock%2C15.5.0%2CN%3Bsale%2C15.5.11%2CN%3Bphotogallery%2C15.0.0%2CN%3Bwiki%2C15.5.0%2CN%3Bperfmon%2C15.5.1%2CN%3Bform%2C15.0.2%2CN%3Bbitrix.sitepersonal%2C15.0.0%2CN%3Badvertising%2C15.5.3%2CN%3Bsender%2C15.5.3%2CN%3Bbitrix.eshop%2C15.5.2%2CN%3Bvote%2C15.5.0%2CN%3Badvent.youstore%2C1.0.1%2CN%3Bsocialservices%2C15.5.3%2CN%3Bbizprocdesigner%2C15.5.0%2CN%3Bcalendar%2C15.5.0%2CN%3Btranslate%2C14.0.0%2CN%3Babtest%2C15.5.5%2CN%3Biblock%2C15.5.11%2CN%3Bscale%2C14.5.2%2CN%3Bsubscribe%2C15.0.2%2CN%3Breport%2C15.0.0%2CN%3Bcurrency%2C15.5.2%2CN%3Bcompression%2C14.0.0%2CN%3Bwebservice%2C11.5.0%2CN%3Bldap%2C15.5.0%2CN%3Bmobileapp%2C15.5.7%2CN%3Bstoreassist%2C15.0.3%2CN%3Bbitrixcloud%2C15.5.0%2CN%3Bstatistic%2C15.0.1%2CN%3Beshopapp%2C15.0.0%2CN%3Bworkflow%2C14.5.1%2CN&reqm=bitrix.sitecorporate%2Cbitrix.sitecommunity%2Cbitrix.sitepersonal%2Cbitrix.eshop%2Cadvent.youstore&SUPD_SRS=0&SUPD_CMP=N
2016-01-28 00:23:19 -  - exec CUpdateClientPartner::GetHTTPPage
2016-01-28 00:23:19 -  - TIME LoadModulesUpdates(request) 0.309 sec
2016-01-28 00:23:19 -  - exec CUpdateClientPartner::ParseServerData
2016-01-28 00:23:19 - LMU01 - LoadModulesUpdates-Step
2016-01-28 00:23:19 -  - exec CUpdateClientPartner::LoadModulesUpdates
2016-01-28 00:23:19 -  - exec CUpdateClientPartner::__CollectRequestData
2016-01-28 00:23:19 -  - exec CUpdateClientPartner::ParseServerData
2016-01-28 00:23:20 - DOWNLOAD - Time - 1.0938289165497 sec
2016-01-28 00:23:20 -  - exec CUpdateClientPartner::UnGzipArchive
2016-01-28 00:23:21 -  - TIME UnGzipArchive 0.237 sec
2016-01-28 00:23:21 - CSURUS1 - Run updater '/bitrix/updates/update_m1453929800/advent.youstore/updater1.1.0.php'
2016-01-28 00:23:22 -  - TIME UpdateStepModules 1.245 sec
2016-01-28 00:23:22 - UPD_SUCCESS - Updated: advent.youstore (1.1.0)<br>Адаптивная верстка. Композит. Оптимизация скорости сайта.
2016-01-28 00:23:22 -  - exec CUpdateClientPartner::LoadModulesUpdates
2016-01-28 00:23:22 -  - exec CUpdateClientPartner::__CollectRequestData
2016-01-28 00:23:22 -  - utf=Y&lang=ru&stable=Y&CANGZIP=Y&SUPD_DBS=MYSQL&XE=N&CLIENT_SITE=lovestore.top&LICENSE_KEY=X&SUPD_STS=1&SUPD_URS=0&SUPD_URSA=1&TYPENC=F&CLIENT_PHPVER=5.4.40&dbv=5.6.26&instm=main%2C15.5.10%2CN%3Blists%2C15.5.3%2CN%3Bclouds%2C15.5.1%2CN%3Bcluster%2C15.5.0%2CN%3Bsocialnetwork%2C15.5.5%2CN%3Bmail%2C15.5.1%2CN%3Bfileman%2C15.5.2%2CN%3Bblog%2C15.5.4%2CN%3Bsecurity%2C15.5.4%2CN%3Bidea%2C15.0.1%2CN%3Bim%2C15.5.15%2CN%3Bsearch%2C15.5.1%2CN%3Bsupport%2C15.5.0%2CN%3Bforum%2C15.5.3%2CN%3Bconversion%2C15.5.5%2CN%3Bbitrix.sitecorporate%2C15.0.0%2CN%3Blearning%2C15.5.0%2CN%3Bbizproc%2C15.6.1%2CN%3Bseo%2C15.5.5%2CN%3Bcatalog%2C15.5.9%2CN%3Bbitrix.sitecommunity%2C15.0.0%2CN%3Bpull%2C15.5.8%2CN%3Bhighloadblock%2C15.5.0%2CN%3Bsale%2C15.5.11%2CN%3Bphotogallery%2C15.0.0%2CN%3Bwiki%2C15.5.0%2CN%3Bperfmon%2C15.5.1%2CN%3Bform%2C15.0.2%2CN%3Bbitrix.sitepersonal%2C15.0.0%2CN%3Badvertising%2C15.5.3%2CN%3Bsender%2C15.5.3%2CN%3Bbitrix.eshop%2C15.5.2%2CN%3Bvote%2C15.5.0%2CN%3Badvent.youstore%2C1.1.0%2CN%3Bsocialservices%2C15.5.3%2CN%3Bbizprocdesigner%2C15.5.0%2CN%3Bcalendar%2C15.5.0%2CN%3Btranslate%2C14.0.0%2CN%3Babtest%2C15.5.5%2CN%3Biblock%2C15.5.11%2CN%3Bscale%2C14.5.2%2CN%3Bsubscribe%2C15.0.2%2CN%3Breport%2C15.0.0%2CN%3Bcurrency%2C15.5.2%2CN%3Bcompression%2C14.0.0%2CN%3Bwebservice%2C11.5.0%2CN%3Bldap%2C15.5.0%2CN%3Bmobileapp%2C15.5.7%2CN%3Bstoreassist%2C15.0.3%2CN%3Bbitrixcloud%2C15.5.0%2CN%3Bstatistic%2C15.0.1%2CN%3Beshopapp%2C15.0.0%2CN%3Bworkflow%2C14.5.1%2CN&reqm=bitrix.sitecorporate%2Cbitrix.sitecommunity%2Cbitrix.sitepersonal%2Cbitrix.eshop%2Cadvent.youstore&SUPD_SRS=0&SUPD_CMP=N
2016-01-28 00:23:22 -  - exec CUpdateClientPartner::GetHTTPPage
2016-01-28 00:23:22 -  - TIME LoadModulesUpdates(request) 0.345 sec
2016-01-28 00:23:22 -  - exec CUpdateClientPartner::ParseServerData
2016-01-28 00:23:22 - LMU01 - LoadModulesUpdates-Step
2016-01-28 00:23:22 -  - exec CUpdateClientPartner::LoadModulesUpdates
2016-01-28 00:23:22 -  - exec CUpdateClientPartner::__CollectRequestData
2016-01-28 00:23:22 -  - exec CUpdateClientPartner::ParseServerData
2016-01-28 00:23:23 - DOWNLOAD - Time - 0.36997509002686 sec
2016-01-28 00:23:23 -  - exec CUpdateClientPartner::UnGzipArchive
2016-01-28 00:23:23 -  - TIME UnGzipArchive 0.005 sec
2016-01-28 00:23:23 - CSURUS1 - Run updater '/bitrix/updates/update_m1453929803/advent.youstore/updater1.1.2.php'
2016-01-28 00:23:23 -  - TIME UpdateStepModules 0.021 sec
2016-01-28 00:23:23 - UPD_SUCCESS - Updated: advent.youstore (1.1.2)<br>€справление багов, незамеченных в обновлении 1.1.1, а именно: - быстрый просмотр карточки товара; - работа отзывов в карточке товара; - кнопка \"‚ыйти с личного кабинета\"; - HTML5-валидациЯ на поле e-mail.
2016-01-28 00:23:23 -  - exec CUpdateClientPartner::LoadModulesUpdates
2016-01-28 00:23:23 -  - exec CUpdateClientPartner::__CollectRequestData
2016-01-28 00:23:23 -  - utf=Y&lang=ru&stable=Y&CANGZIP=Y&SUPD_DBS=MYSQL&XE=N&CLIENT_SITE=lovestore.top&LICENSE_KEY=X&SUPD_STS=1&SUPD_URS=0&SUPD_URSA=1&TYPENC=F&CLIENT_PHPVER=5.4.40&dbv=5.6.26&instm=main%2C15.5.10%2CN%3Blists%2C15.5.3%2CN%3Bclouds%2C15.5.1%2CN%3Bcluster%2C15.5.0%2CN%3Bsocialnetwork%2C15.5.5%2CN%3Bmail%2C15.5.1%2CN%3Bfileman%2C15.5.2%2CN%3Bblog%2C15.5.4%2CN%3Bsecurity%2C15.5.4%2CN%3Bidea%2C15.0.1%2CN%3Bim%2C15.5.15%2CN%3Bsearch%2C15.5.1%2CN%3Bsupport%2C15.5.0%2CN%3Bforum%2C15.5.3%2CN%3Bconversion%2C15.5.5%2CN%3Bbitrix.sitecorporate%2C15.0.0%2CN%3Blearning%2C15.5.0%2CN%3Bbizproc%2C15.6.1%2CN%3Bseo%2C15.5.5%2CN%3Bcatalog%2C15.5.9%2CN%3Bbitrix.sitecommunity%2C15.0.0%2CN%3Bpull%2C15.5.8%2CN%3Bhighloadblock%2C15.5.0%2CN%3Bsale%2C15.5.11%2CN%3Bphotogallery%2C15.0.0%2CN%3Bwiki%2C15.5.0%2CN%3Bperfmon%2C15.5.1%2CN%3Bform%2C15.0.2%2CN%3Bbitrix.sitepersonal%2C15.0.0%2CN%3Badvertising%2C15.5.3%2CN%3Bsender%2C15.5.3%2CN%3Bbitrix.eshop%2C15.5.2%2CN%3Bvote%2C15.5.0%2CN%3Badvent.youstore%2C1.1.2%2CN%3Bsocialservices%2C15.5.3%2CN%3Bbizprocdesigner%2C15.5.0%2CN%3Bcalendar%2C15.5.0%2CN%3Btranslate%2C14.0.0%2CN%3Babtest%2C15.5.5%2CN%3Biblock%2C15.5.11%2CN%3Bscale%2C14.5.2%2CN%3Bsubscribe%2C15.0.2%2CN%3Breport%2C15.0.0%2CN%3Bcurrency%2C15.5.2%2CN%3Bcompression%2C14.0.0%2CN%3Bwebservice%2C11.5.0%2CN%3Bldap%2C15.5.0%2CN%3Bmobileapp%2C15.5.7%2CN%3Bstoreassist%2C15.0.3%2CN%3Bbitrixcloud%2C15.5.0%2CN%3Bstatistic%2C15.0.1%2CN%3Beshopapp%2C15.0.0%2CN%3Bworkflow%2C14.5.1%2CN&reqm=bitrix.sitecorporate%2Cbitrix.sitecommunity%2Cbitrix.sitepersonal%2Cbitrix.eshop%2Cadvent.youstore&SUPD_SRS=0&SUPD_CMP=N
2016-01-28 00:23:23 -  - exec CUpdateClientPartner::GetHTTPPage
2016-01-28 00:23:23 -  - TIME LoadModulesUpdates(request) 0.279 sec
2016-01-28 00:23:23 -  - exec CUpdateClientPartner::ParseServerData
2016-01-28 00:23:23 - STEP - Finish - NOUPDATES
2016-01-28 00:23:23 - STEP - Finish - NOUPDATES
2016-01-28 14:11:33 -  - exec CUpdateClientPartner::GetUpdatesList
2016-01-28 14:11:33 -  - exec CUpdateClientPartner::__CollectRequestData
2016-01-28 14:11:33 -  - utf=Y&lang=ru&stable=Y&CANGZIP=Y&SUPD_DBS=MYSQL&XE=N&CLIENT_SITE=lovestore.top&LICENSE_KEY=X&SUPD_STS=1&SUPD_URS=0&SUPD_URSA=1&TYPENC=F&CLIENT_PHPVER=5.4.40&dbv=5.6.26&instm=main%2C15.5.10%2CN%3Blists%2C15.5.4%2CN%3Bclouds%2C16.0.0%2CN%3Bcluster%2C16.0.0%2CN%3Bsocialnetwork%2C15.5.5%2CN%3Bmail%2C15.5.1%2CN%3Bfileman%2C16.0.0%2CN%3Bblog%2C15.5.4%2CN%3Bsecurity%2C15.5.5%2CN%3Bidea%2C15.0.1%2CN%3Bim%2C15.5.15%2CN%3Bsearch%2C15.5.1%2CN%3Bsupport%2C15.5.0%2CN%3Bforum%2C15.5.3%2CN%3Bconversion%2C15.5.5%2CN%3Bbitrix.sitecorporate%2C15.0.0%2CN%3Blearning%2C15.5.0%2CN%3Bbizproc%2C16.0.1%2CN%3Bseo%2C15.5.6%2CN%3Bcatalog%2C15.5.9%2CN%3Bbitrix.sitecommunity%2C15.0.0%2CN%3Bpull%2C15.5.8%2CN%3Bhighloadblock%2C15.5.0%2CN%3Bsale%2C15.5.11%2CN%3Bphotogallery%2C16.0.0%2CN%3Bwiki%2C15.5.0%2CN%3Bperfmon%2C16.0.0%2CN%3Bform%2C15.0.2%2CN%3Bbitrix.sitepersonal%2C15.0.0%2CN%3Badvertising%2C15.5.4%2CN%3Bsender%2C15.5.3%2CN%3Bbitrix.eshop%2C15.5.2%2CN%3Bvote%2C15.5.0%2CN%3Badvent.youstore%2C1.1.2%2CN%3Bsocialservices%2C15.5.3%2CN%3Bbizprocdesigner%2C16.0.0%2CN%3Bcalendar%2C15.5.0%2CN%3Btranslate%2C14.0.0%2CN%3Babtest%2C15.5.5%2CN%3Biblock%2C15.5.11%2CN%3Bscale%2C14.5.2%2CN%3Bsubscribe%2C15.0.2%2CN%3Breport%2C15.0.0%2CN%3Bcurrency%2C16.0.0%2CN%3Bcompression%2C16.0.0%2CN%3Bwebservice%2C16.0.0%2CN%3Bldap%2C15.5.0%2CN%3Bmobileapp%2C15.5.8%2CN%3Bstoreassist%2C16.0.0%2CN%3Bbitrixcloud%2C16.0.0%2CN%3Bstatistic%2C15.0.1%2CN%3Beshopapp%2C15.0.0%2CN%3Bworkflow%2C14.5.1%2CN&reqm=bitrix.sitecorporate%2Cbitrix.sitecommunity%2Cbitrix.sitepersonal%2Cbitrix.eshop%2Cadvent.youstore&SUPD_SRS=0&SUPD_CMP=N
2016-01-28 14:11:33 -  - exec CUpdateClientPartner::GetHTTPPage
2016-01-28 14:11:33 -  - TIME GetUpdatesList(request) 0.362 sec
2016-01-28 14:11:33 -  - exec CUpdateClientPartner::ParseServerData
2016-01-28 14:11:40 -  - exec CUpdateClientPartner::GetUpdatesList
2016-01-28 14:11:40 -  - exec CUpdateClientPartner::__CollectRequestData
2016-01-28 14:11:40 -  - utf=Y&lang=ru&stable=Y&CANGZIP=Y&SUPD_DBS=MYSQL&XE=N&CLIENT_SITE=lovestore.top&LICENSE_KEY=X&SUPD_STS=1&SUPD_URS=0&SUPD_URSA=1&TYPENC=F&CLIENT_PHPVER=5.4.40&dbv=5.6.26&instm=main%2C15.5.10%2CN%3Blists%2C15.5.4%2CN%3Bclouds%2C16.0.0%2CN%3Bcluster%2C16.0.0%2CN%3Bsocialnetwork%2C15.5.5%2CN%3Bmail%2C15.5.1%2CN%3Bfileman%2C16.0.0%2CN%3Bblog%2C15.5.4%2CN%3Bsecurity%2C15.5.5%2CN%3Bidea%2C15.0.1%2CN%3Bim%2C15.5.15%2CN%3Bsearch%2C15.5.1%2CN%3Bsupport%2C15.5.0%2CN%3Bforum%2C15.5.3%2CN%3Bconversion%2C15.5.5%2CN%3Bbitrix.sitecorporate%2C15.0.0%2CN%3Blearning%2C15.5.0%2CN%3Bbizproc%2C16.0.1%2CN%3Bseo%2C15.5.6%2CN%3Bcatalog%2C15.5.9%2CN%3Bbitrix.sitecommunity%2C15.0.0%2CN%3Bpull%2C15.5.8%2CN%3Bhighloadblock%2C15.5.0%2CN%3Bsale%2C15.5.11%2CN%3Bphotogallery%2C16.0.0%2CN%3Bwiki%2C15.5.0%2CN%3Bperfmon%2C16.0.0%2CN%3Bform%2C15.0.2%2CN%3Bbitrix.sitepersonal%2C15.0.0%2CN%3Badvertising%2C15.5.4%2CN%3Bsender%2C15.5.3%2CN%3Bbitrix.eshop%2C15.5.2%2CN%3Bvote%2C15.5.0%2CN%3Badvent.youstore%2C1.1.2%2CN%3Bsocialservices%2C15.5.3%2CN%3Bbizprocdesigner%2C16.0.0%2CN%3Bcalendar%2C15.5.0%2CN%3Btranslate%2C14.0.0%2CN%3Babtest%2C15.5.5%2CN%3Biblock%2C15.5.11%2CN%3Bscale%2C14.5.2%2CN%3Bsubscribe%2C15.0.2%2CN%3Breport%2C15.0.0%2CN%3Bcurrency%2C16.0.0%2CN%3Bcompression%2C16.0.0%2CN%3Bwebservice%2C16.0.0%2CN%3Bldap%2C15.5.0%2CN%3Bmobileapp%2C15.5.8%2CN%3Bstoreassist%2C16.0.0%2CN%3Bbitrixcloud%2C16.0.0%2CN%3Bstatistic%2C15.0.1%2CN%3Beshopapp%2C15.0.0%2CN%3Bworkflow%2C14.5.1%2CN&reqm=bitrix.sitecorporate%2Cbitrix.sitecommunity%2Cbitrix.sitepersonal%2Cbitrix.eshop%2Cadvent.youstore&fullmoduleinfo=Y&SUPD_SRS=0&SUPD_CMP=N
2016-01-28 14:11:40 -  - exec CUpdateClientPartner::GetHTTPPage
2016-01-28 14:11:41 -  - TIME GetUpdatesList(request) 1.101 sec
2016-01-28 14:11:41 -  - exec CUpdateClientPartner::ParseServerData
2016-01-28 14:31:52 -  - exec CUpdateClientPartner::GetUpdatesList
2016-01-28 14:31:52 -  - exec CUpdateClientPartner::__CollectRequestData
2016-01-28 14:31:52 -  - utf=Y&lang=ru&stable=N&CANGZIP=Y&SUPD_DBS=MYSQL&XE=N&CLIENT_SITE=lovestore.top&LICENSE_KEY=X&SUPD_STS=1&SUPD_URS=0&SUPD_URSA=1&TYPENC=F&CLIENT_PHPVER=5.4.40&dbv=5.6.26&instm=main%2C15.5.10%2CN%3Blists%2C15.5.4%2CN%3Bclouds%2C16.0.0%2CN%3Bcluster%2C16.0.0%2CN%3Bsocialnetwork%2C15.5.5%2CN%3Bmail%2C15.5.1%2CN%3Bfileman%2C16.0.0%2CN%3Bblog%2C15.5.4%2CN%3Bsecurity%2C15.5.5%2CN%3Bidea%2C15.0.1%2CN%3Bim%2C15.5.15%2CN%3Bsearch%2C15.5.1%2CN%3Bsupport%2C15.5.0%2CN%3Bforum%2C15.5.3%2CN%3Bconversion%2C15.5.5%2CN%3Bbitrix.sitecorporate%2C15.0.0%2CN%3Blearning%2C15.5.0%2CN%3Bbizproc%2C16.0.1%2CN%3Bseo%2C15.5.6%2CN%3Bcatalog%2C15.5.9%2CN%3Bbitrix.sitecommunity%2C15.0.0%2CN%3Bpull%2C15.5.8%2CN%3Bhighloadblock%2C15.5.0%2CN%3Bsale%2C15.5.11%2CN%3Bphotogallery%2C16.0.0%2CN%3Bwiki%2C15.5.0%2CN%3Bperfmon%2C16.0.0%2CN%3Bform%2C15.0.2%2CN%3Bbitrix.sitepersonal%2C15.0.0%2CN%3Badvertising%2C15.5.4%2CN%3Bsender%2C15.5.3%2CN%3Bbitrix.eshop%2C15.5.2%2CN%3Bvote%2C15.5.0%2CN%3Badvent.youstore%2C1.1.2%2CN%3Bsocialservices%2C15.5.3%2CN%3Bbizprocdesigner%2C16.0.0%2CN%3Bcalendar%2C15.5.0%2CN%3Btranslate%2C14.0.0%2CN%3Babtest%2C15.5.5%2CN%3Biblock%2C15.5.11%2CN%3Bscale%2C14.5.2%2CN%3Bsubscribe%2C15.0.2%2CN%3Breport%2C15.0.0%2CN%3Bcurrency%2C16.0.0%2CN%3Bcompression%2C16.0.0%2CN%3Bwebservice%2C16.0.0%2CN%3Bldap%2C15.5.0%2CN%3Bmobileapp%2C15.5.8%2CN%3Bstoreassist%2C16.0.0%2CN%3Bbitrixcloud%2C16.0.0%2CN%3Bstatistic%2C15.0.1%2CN%3Beshopapp%2C15.0.0%2CN%3Bworkflow%2C14.5.1%2CN&reqm=bitrix.sitecorporate%2Cbitrix.sitecommunity%2Cbitrix.sitepersonal%2Cbitrix.eshop%2Cadvent.youstore&SUPD_SRS=0&SUPD_CMP=N
2016-01-28 14:31:52 -  - exec CUpdateClientPartner::GetHTTPPage
2016-01-28 14:31:53 -  - TIME GetUpdatesList(request) 0.42 sec
2016-01-28 14:31:53 -  - exec CUpdateClientPartner::ParseServerData
2016-01-28 14:32:03 -  - exec CUpdateClientPartner::LoadModulesUpdates
2016-01-28 14:32:03 -  - exec CUpdateClientPartner::__CollectRequestData
2016-01-28 14:32:03 -  - utf=Y&lang=ru&stable=N&CANGZIP=Y&SUPD_DBS=MYSQL&XE=N&CLIENT_SITE=lovestore.top&LICENSE_KEY=X&SUPD_STS=1&SUPD_URS=0&SUPD_URSA=1&TYPENC=F&CLIENT_PHPVER=5.4.40&dbv=5.6.26&instm=main%2C15.5.10%2CN%3Blists%2C15.5.4%2CN%3Bclouds%2C16.0.0%2CN%3Bcluster%2C16.0.0%2CN%3Bsocialnetwork%2C15.5.5%2CN%3Bmail%2C15.5.1%2CN%3Bfileman%2C16.0.0%2CN%3Bblog%2C15.5.4%2CN%3Bsecurity%2C15.5.5%2CN%3Bidea%2C15.0.1%2CN%3Bim%2C15.5.15%2CN%3Bsearch%2C15.5.1%2CN%3Bsupport%2C15.5.0%2CN%3Bforum%2C15.5.3%2CN%3Bconversion%2C15.5.5%2CN%3Bbitrix.sitecorporate%2C15.0.0%2CN%3Blearning%2C15.5.0%2CN%3Bbizproc%2C16.0.1%2CN%3Bseo%2C15.5.6%2CN%3Bcatalog%2C15.5.9%2CN%3Bbitrix.sitecommunity%2C15.0.0%2CN%3Bpull%2C15.5.8%2CN%3Bhighloadblock%2C15.5.0%2CN%3Bsale%2C15.5.11%2CN%3Bphotogallery%2C16.0.0%2CN%3Bwiki%2C15.5.0%2CN%3Bperfmon%2C16.0.0%2CN%3Bform%2C15.0.2%2CN%3Bbitrix.sitepersonal%2C15.0.0%2CN%3Badvertising%2C15.5.4%2CN%3Bsender%2C15.5.3%2CN%3Bbitrix.eshop%2C15.5.2%2CN%3Bvote%2C15.5.0%2CN%3Badvent.youstore%2C1.1.2%2CN%3Bsocialservices%2C15.5.3%2CN%3Bbizprocdesigner%2C16.0.0%2CN%3Bcalendar%2C15.5.0%2CN%3Btranslate%2C14.0.0%2CN%3Babtest%2C15.5.5%2CN%3Biblock%2C15.5.11%2CN%3Bscale%2C14.5.2%2CN%3Bsubscribe%2C15.0.2%2CN%3Breport%2C15.0.0%2CN%3Bcurrency%2C16.0.0%2CN%3Bcompression%2C16.0.0%2CN%3Bwebservice%2C16.0.0%2CN%3Bldap%2C15.5.0%2CN%3Bmobileapp%2C15.5.8%2CN%3Bstoreassist%2C16.0.0%2CN%3Bbitrixcloud%2C16.0.0%2CN%3Bstatistic%2C15.0.1%2CN%3Beshopapp%2C15.0.0%2CN%3Bworkflow%2C14.5.1%2CN&reqm=advent.youstore&lim=Y&SUPD_SRS=0&SUPD_CMP=N
2016-01-28 14:32:03 -  - exec CUpdateClientPartner::GetHTTPPage
2016-01-28 14:32:04 -  - TIME LoadModulesUpdates(request) 0.465 sec
2016-01-28 14:32:04 -  - exec CUpdateClientPartner::ParseServerData
2016-01-28 14:32:04 - LMU01 - LoadModulesUpdates-Step
2016-01-28 14:32:04 -  - exec CUpdateClientPartner::LoadModulesUpdates
2016-01-28 14:32:04 -  - exec CUpdateClientPartner::__CollectRequestData
2016-01-28 14:32:04 -  - exec CUpdateClientPartner::ParseServerData
2016-01-28 14:32:05 - DOWNLOAD - Time - 0.76737689971924 sec
2016-01-28 14:32:05 -  - exec CUpdateClientPartner::UnGzipArchive
2016-01-28 14:32:05 -  - TIME UnGzipArchive 0.035 sec
2016-01-28 14:32:05 - CSURUS1 - Run updater '/bitrix/updates/update_m1453980725/advent.youstore/updater1.1.3.php'
2016-01-28 14:32:06 -  - TIME UpdateStepModules 0.899 sec
2016-01-28 14:32:06 - UPD_SUCCESS - Updated: advent.youstore (1.1.3)<br><strong>Новое обновление для YouStore</strong> <ul> <li>Устранена ошибка базы данных в редактировании профиля</li> <li>Добавлены иконки для категорий в каталоге</li> <li>Обновление подвала сайта</li> <li>Исправление цены в торговых предложениях</li> <li>Более плавная анимация мини-корзины</li> <li>Удаление дубля ссылки скрытия links</li> <li>\"Информмация\" на \"информация\" в быстром просмотре</li> <li>Возобновлена работа energosoft.group.property</li> <li>Добавлены стили для скидок в каталоге и карте товара</li> <li>Обновлен fancybox</li> <li>Исправлена ошибка кода вызова компонентов в шапке сайта</li> <li>Устранен вывод ошибок платежных систем в публичную часть сайта</li> <li>Добавлены рабочие соц.ссылки \"Поделиться\" в карту товара и быстрый просмотр</li> </ul> Если вы уже установили с помощью мастера наше решение, то данное обновление внесет изменения в уже установленный YouStore. Будьте внимательны! Обновление предназначено для чистого решения YouStore. Если после установки вы внесли изменения в исходный код нашего решения, то обновление может повредить ваш сайт. 
2016-01-28 14:32:06 -  - exec CUpdateClientPartner::LoadModulesUpdates
2016-01-28 14:32:06 -  - exec CUpdateClientPartner::__CollectRequestData
2016-01-28 14:32:06 -  - utf=Y&lang=ru&stable=N&CANGZIP=Y&SUPD_DBS=MYSQL&XE=N&CLIENT_SITE=lovestore.top&LICENSE_KEY=X&SUPD_STS=1&SUPD_URS=0&SUPD_URSA=1&TYPENC=F&CLIENT_PHPVER=5.4.40&dbv=5.6.26&instm=main%2C15.5.10%2CN%3Blists%2C15.5.4%2CN%3Bclouds%2C16.0.0%2CN%3Bcluster%2C16.0.0%2CN%3Bsocialnetwork%2C15.5.5%2CN%3Bmail%2C15.5.1%2CN%3Bfileman%2C16.0.0%2CN%3Bblog%2C15.5.4%2CN%3Bsecurity%2C15.5.5%2CN%3Bidea%2C15.0.1%2CN%3Bim%2C15.5.15%2CN%3Bsearch%2C15.5.1%2CN%3Bsupport%2C15.5.0%2CN%3Bforum%2C15.5.3%2CN%3Bconversion%2C15.5.5%2CN%3Bbitrix.sitecorporate%2C15.0.0%2CN%3Blearning%2C15.5.0%2CN%3Bbizproc%2C16.0.1%2CN%3Bseo%2C15.5.6%2CN%3Bcatalog%2C15.5.9%2CN%3Bbitrix.sitecommunity%2C15.0.0%2CN%3Bpull%2C15.5.8%2CN%3Bhighloadblock%2C15.5.0%2CN%3Bsale%2C15.5.11%2CN%3Bphotogallery%2C16.0.0%2CN%3Bwiki%2C15.5.0%2CN%3Bperfmon%2C16.0.0%2CN%3Bform%2C15.0.2%2CN%3Bbitrix.sitepersonal%2C15.0.0%2CN%3Badvertising%2C15.5.4%2CN%3Bsender%2C15.5.3%2CN%3Bbitrix.eshop%2C15.5.2%2CN%3Bvote%2C15.5.0%2CN%3Badvent.youstore%2C1.1.3%2CN%3Bsocialservices%2C15.5.3%2CN%3Bbizprocdesigner%2C16.0.0%2CN%3Bcalendar%2C15.5.0%2CN%3Btranslate%2C14.0.0%2CN%3Babtest%2C15.5.5%2CN%3Biblock%2C15.5.11%2CN%3Bscale%2C14.5.2%2CN%3Bsubscribe%2C15.0.2%2CN%3Breport%2C15.0.0%2CN%3Bcurrency%2C16.0.0%2CN%3Bcompression%2C16.0.0%2CN%3Bwebservice%2C16.0.0%2CN%3Bldap%2C15.5.0%2CN%3Bmobileapp%2C15.5.8%2CN%3Bstoreassist%2C16.0.0%2CN%3Bbitrixcloud%2C16.0.0%2CN%3Bstatistic%2C15.0.1%2CN%3Beshopapp%2C15.0.0%2CN%3Bworkflow%2C14.5.1%2CN&reqm=advent.youstore&lim=Y&SUPD_SRS=0&SUPD_CMP=N
2016-01-28 14:32:06 -  - exec CUpdateClientPartner::GetHTTPPage
2016-01-28 14:32:06 -  - TIME LoadModulesUpdates(request) 0.339 sec
2016-01-28 14:32:06 -  - exec CUpdateClientPartner::ParseServerData
2016-01-28 14:32:06 - STEP - Finish - NOUPDATES
2016-01-28 14:32:06 - STEP - Finish - NOUPDATES
2016-01-28 14:32:36 -  - exec CUpdateClientPartner::GetUpdatesList
2016-01-28 14:32:36 -  - exec CUpdateClientPartner::__CollectRequestData
2016-01-28 14:32:36 -  - utf=Y&lang=ru&stable=Y&CANGZIP=Y&SUPD_DBS=MYSQL&XE=N&CLIENT_SITE=lovestore.top&LICENSE_KEY=X&SUPD_STS=1&SUPD_URS=0&SUPD_URSA=1&TYPENC=F&CLIENT_PHPVER=5.4.40&dbv=5.6.26&instm=main%2C15.5.10%2CN%3Blists%2C15.5.4%2CN%3Bclouds%2C16.0.0%2CN%3Bcluster%2C16.0.0%2CN%3Bsocialnetwork%2C15.5.5%2CN%3Bmail%2C15.5.1%2CN%3Bfileman%2C16.0.0%2CN%3Bblog%2C15.5.4%2CN%3Bsecurity%2C15.5.5%2CN%3Bidea%2C15.0.1%2CN%3Bim%2C15.5.15%2CN%3Bsearch%2C15.5.1%2CN%3Bsupport%2C15.5.0%2CN%3Bforum%2C15.5.3%2CN%3Bconversion%2C15.5.5%2CN%3Bbitrix.sitecorporate%2C15.0.0%2CN%3Blearning%2C15.5.0%2CN%3Bbizproc%2C16.0.1%2CN%3Bseo%2C15.5.6%2CN%3Bcatalog%2C15.5.9%2CN%3Bbitrix.sitecommunity%2C15.0.0%2CN%3Bpull%2C15.5.8%2CN%3Bhighloadblock%2C15.5.0%2CN%3Bsale%2C15.5.11%2CN%3Bphotogallery%2C16.0.0%2CN%3Bwiki%2C15.5.0%2CN%3Bperfmon%2C16.0.0%2CN%3Bform%2C15.0.2%2CN%3Bbitrix.sitepersonal%2C15.0.0%2CN%3Badvertising%2C15.5.4%2CN%3Bsender%2C15.5.3%2CN%3Bbitrix.eshop%2C15.5.2%2CN%3Bvote%2C15.5.0%2CN%3Badvent.youstore%2C1.1.3%2CN%3Bsocialservices%2C15.5.3%2CN%3Bbizprocdesigner%2C16.0.0%2CN%3Bcalendar%2C15.5.0%2CN%3Btranslate%2C14.0.0%2CN%3Babtest%2C15.5.5%2CN%3Biblock%2C15.5.11%2CN%3Bscale%2C14.5.2%2CN%3Bsubscribe%2C15.0.2%2CN%3Breport%2C15.0.0%2CN%3Bcurrency%2C16.0.0%2CN%3Bcompression%2C16.0.0%2CN%3Bwebservice%2C16.0.0%2CN%3Bldap%2C15.5.0%2CN%3Bmobileapp%2C15.5.8%2CN%3Bstoreassist%2C16.0.0%2CN%3Bbitrixcloud%2C16.0.0%2CN%3Bstatistic%2C15.0.1%2CN%3Beshopapp%2C15.0.0%2CN%3Bworkflow%2C14.5.1%2CN&reqm=bitrix.sitecorporate%2Cbitrix.sitecommunity%2Cbitrix.sitepersonal%2Cbitrix.eshop%2Cadvent.youstore&SUPD_SRS=0&SUPD_CMP=N
2016-01-28 14:32:36 -  - exec CUpdateClientPartner::GetHTTPPage
2016-01-28 14:32:37 -  - TIME GetUpdatesList(request) 0.503 sec
2016-01-28 14:32:37 -  - exec CUpdateClientPartner::ParseServerData
2016-01-30 17:08:59 -  - exec CUpdateClientPartner::GetUpdatesList
2016-01-30 17:08:59 -  - exec CUpdateClientPartner::__CollectRequestData
2016-01-30 17:08:59 -  - utf=Y&lang=ru&stable=Y&CANGZIP=Y&SUPD_DBS=MYSQL&XE=N&CLIENT_SITE=lovestore.top&LICENSE_KEY=X&SUPD_STS=1&SUPD_URS=0&SUPD_URSA=1&TYPENC=F&CLIENT_PHPVER=5.4.40&dbv=5.6.26&instm=main%2C15.5.10%2CN%3Blists%2C15.5.4%2CN%3Bclouds%2C16.0.0%2CN%3Bcluster%2C16.0.0%2CN%3Bsocialnetwork%2C15.5.5%2CN%3Bmail%2C15.5.1%2CN%3Bfileman%2C16.0.0%2CN%3Bblog%2C15.5.4%2CN%3Bsecurity%2C15.5.5%2CN%3Bidea%2C15.0.1%2CN%3Bim%2C15.5.15%2CN%3Bsearch%2C15.5.1%2CN%3Bsupport%2C15.5.0%2CN%3Bforum%2C15.5.3%2CN%3Bconversion%2C15.5.5%2CN%3Bbitrix.sitecorporate%2C15.0.0%2CN%3Blearning%2C15.5.0%2CN%3Bbizproc%2C16.0.1%2CN%3Bseo%2C15.5.6%2CN%3Bcatalog%2C15.5.9%2CN%3Bbitrix.sitecommunity%2C15.0.0%2CN%3Bpull%2C15.5.8%2CN%3Bhighloadblock%2C15.5.0%2CN%3Bsale%2C15.5.11%2CN%3Bphotogallery%2C16.0.1%2CN%3Bwiki%2C15.5.0%2CN%3Bperfmon%2C16.0.0%2CN%3Bform%2C15.0.2%2CN%3Bbitrix.sitepersonal%2C15.0.0%2CN%3Badvertising%2C15.5.4%2CN%3Bsender%2C15.5.3%2CN%3Bbitrix.eshop%2C15.5.2%2CN%3Bvote%2C15.5.0%2CN%3Badvent.youstore%2C1.1.3%2CN%3Bsocialservices%2C15.5.3%2CN%3Bbizprocdesigner%2C16.0.0%2CN%3Bcalendar%2C15.5.0%2CN%3Btranslate%2C14.0.0%2CN%3Babtest%2C15.5.5%2CN%3Biblock%2C15.5.11%2CN%3Bscale%2C14.5.2%2CN%3Bsubscribe%2C15.0.2%2CN%3Breport%2C15.0.0%2CN%3Bcurrency%2C16.0.0%2CN%3Bcompression%2C16.0.0%2CN%3Bwebservice%2C16.0.0%2CN%3Bldap%2C15.5.0%2CN%3Bmobileapp%2C15.5.8%2CN%3Bstoreassist%2C16.0.0%2CN%3Bbitrixcloud%2C16.0.0%2CN%3Bstatistic%2C15.0.1%2CN%3Beshopapp%2C15.0.0%2CN%3Bworkflow%2C14.5.1%2CN&reqm=bitrix.sitecorporate%2Cbitrix.sitecommunity%2Cbitrix.sitepersonal%2Cbitrix.eshop%2Cadvent.youstore&SUPD_SRS=0&SUPD_CMP=N
2016-01-30 17:08:59 -  - exec CUpdateClientPartner::GetHTTPPage
2016-01-30 17:08:59 -  - TIME GetUpdatesList(request) 0.326 sec
2016-01-30 17:08:59 -  - exec CUpdateClientPartner::ParseServerData
2016-01-31 02:20:03 -  - exec CUpdateClientPartner::GetUpdatesList
2016-01-31 02:20:03 -  - exec CUpdateClientPartner::__CollectRequestData
2016-01-31 02:20:03 -  - utf=Y&lang=ru&stable=Y&CANGZIP=Y&SUPD_DBS=MYSQL&XE=N&CLIENT_SITE=lovestore.top&LICENSE_KEY=X&SUPD_STS=1&SUPD_URS=0&SUPD_URSA=1&TYPENC=F&CLIENT_PHPVER=5.4.40&dbv=5.6.26&instm=main%2C15.5.10%2CN%3Blists%2C15.5.4%2CN%3Bclouds%2C16.0.0%2CN%3Bcluster%2C16.0.0%2CN%3Bsocialnetwork%2C15.5.5%2CN%3Bmail%2C15.5.1%2CN%3Bfileman%2C16.0.0%2CN%3Bblog%2C15.5.4%2CN%3Bsecurity%2C15.5.5%2CN%3Bidea%2C15.0.1%2CN%3Bim%2C15.5.15%2CN%3Bsearch%2C15.5.1%2CN%3Bsupport%2C15.5.0%2CN%3Bforum%2C15.5.3%2CN%3Bconversion%2C15.5.5%2CN%3Bbitrix.sitecorporate%2C15.0.0%2CN%3Blearning%2C15.5.0%2CN%3Bbizproc%2C16.0.1%2CN%3Bseo%2C15.5.6%2CN%3Bcatalog%2C15.5.9%2CN%3Bbitrix.sitecommunity%2C15.0.0%2CN%3Bpull%2C15.5.8%2CN%3Bhighloadblock%2C15.5.0%2CN%3Bsale%2C15.5.11%2CN%3Bphotogallery%2C16.0.1%2CN%3Bwiki%2C15.5.0%2CN%3Bperfmon%2C16.0.0%2CN%3Bform%2C15.0.2%2CN%3Bbitrix.sitepersonal%2C15.0.0%2CN%3Badvertising%2C15.5.4%2CN%3Bsender%2C15.5.3%2CN%3Bbitrix.eshop%2C15.5.2%2CN%3Bvote%2C15.5.0%2CN%3Badvent.youstore%2C1.1.3%2CN%3Bsocialservices%2C15.5.3%2CN%3Bbizprocdesigner%2C16.0.0%2CN%3Bcalendar%2C15.5.0%2CN%3Btranslate%2C14.0.0%2CN%3Babtest%2C15.5.5%2CN%3Biblock%2C15.5.11%2CN%3Bscale%2C14.5.2%2CN%3Bsubscribe%2C15.0.2%2CN%3Breport%2C15.0.0%2CN%3Bcurrency%2C16.0.0%2CN%3Bcompression%2C16.0.0%2CN%3Bwebservice%2C16.0.0%2CN%3Bldap%2C15.5.0%2CN%3Bmobileapp%2C15.5.8%2CN%3Bstoreassist%2C16.0.0%2CN%3Bbitrixcloud%2C16.0.0%2CN%3Bstatistic%2C15.0.1%2CN%3Beshopapp%2C15.0.0%2CN%3Bworkflow%2C14.5.1%2CN&reqm=bitrix.sitecorporate%2Cbitrix.sitecommunity%2Cbitrix.sitepersonal%2Cbitrix.eshop%2Cadvent.youstore%2Celcorso.warehousecsvimport&SUPD_SRS=0&SUPD_CMP=N
2016-01-31 02:20:03 -  - exec CUpdateClientPartner::GetHTTPPage
2016-01-31 02:20:04 -  - TIME GetUpdatesList(request) 0.648 sec
2016-01-31 02:20:04 -  - exec CUpdateClientPartner::ParseServerData
2016-01-31 02:20:18 -  - exec CUpdateClientPartner::GetUpdatesList
2016-01-31 02:20:18 -  - exec CUpdateClientPartner::__CollectRequestData
2016-01-31 02:20:18 -  - utf=Y&lang=ru&stable=Y&CANGZIP=Y&SUPD_DBS=MYSQL&XE=N&CLIENT_SITE=lovestore.top&LICENSE_KEY=X&SUPD_STS=1&SUPD_URS=0&SUPD_URSA=1&TYPENC=F&CLIENT_PHPVER=5.4.40&dbv=5.6.26&instm=main%2C15.5.10%2CN%3Blists%2C15.5.4%2CN%3Bclouds%2C16.0.0%2CN%3Bcluster%2C16.0.0%2CN%3Bsocialnetwork%2C15.5.5%2CN%3Bmail%2C15.5.1%2CN%3Bfileman%2C16.0.0%2CN%3Bblog%2C15.5.4%2CN%3Bsecurity%2C15.5.5%2CN%3Bidea%2C15.0.1%2CN%3Bim%2C15.5.15%2CN%3Bsearch%2C15.5.1%2CN%3Bsupport%2C15.5.0%2CN%3Bforum%2C15.5.3%2CN%3Bconversion%2C15.5.5%2CN%3Bbitrix.sitecorporate%2C15.0.0%2CN%3Blearning%2C15.5.0%2CN%3Bbizproc%2C16.0.1%2CN%3Bseo%2C15.5.6%2CN%3Bcatalog%2C15.5.9%2CN%3Bbitrix.sitecommunity%2C15.0.0%2CN%3Bpull%2C15.5.8%2CN%3Bhighloadblock%2C15.5.0%2CN%3Bsale%2C15.5.11%2CN%3Bphotogallery%2C16.0.1%2CN%3Bwiki%2C15.5.0%2CN%3Bperfmon%2C16.0.0%2CN%3Bform%2C15.0.2%2CN%3Bbitrix.sitepersonal%2C15.0.0%2CN%3Badvertising%2C15.5.4%2CN%3Bsender%2C15.5.3%2CN%3Bbitrix.eshop%2C15.5.2%2CN%3Bvote%2C15.5.0%2CN%3Badvent.youstore%2C1.1.3%2CN%3Bsocialservices%2C15.5.3%2CN%3Bbizprocdesigner%2C16.0.0%2CN%3Bcalendar%2C15.5.0%2CN%3Btranslate%2C14.0.0%2CN%3Babtest%2C15.5.5%2CN%3Biblock%2C15.5.11%2CN%3Bscale%2C14.5.2%2CN%3Bsubscribe%2C15.0.2%2CN%3Breport%2C15.0.0%2CN%3Bcurrency%2C16.0.0%2CN%3Bcompression%2C16.0.0%2CN%3Bwebservice%2C16.0.0%2CN%3Bldap%2C15.5.0%2CN%3Bmobileapp%2C15.5.8%2CN%3Bstoreassist%2C16.0.0%2CN%3Bbitrixcloud%2C16.0.0%2CN%3Bstatistic%2C15.0.1%2CN%3Beshopapp%2C15.0.0%2CN%3Bworkflow%2C14.5.1%2CN&reqm=bitrix.sitecorporate%2Cbitrix.sitecommunity%2Cbitrix.sitepersonal%2Cbitrix.eshop%2Cadvent.youstore&SUPD_SRS=0&SUPD_CMP=N
2016-01-31 02:20:18 -  - exec CUpdateClientPartner::GetHTTPPage
2016-01-31 02:20:18 -  - TIME GetUpdatesList(request) 0.355 sec
2016-01-31 02:20:18 -  - exec CUpdateClientPartner::ParseServerData
2016-01-31 02:20:24 -  - exec CUpdateClientPartner::GetUpdatesList
2016-01-31 02:20:24 -  - exec CUpdateClientPartner::__CollectRequestData
2016-01-31 02:20:24 -  - utf=Y&lang=ru&stable=Y&CANGZIP=Y&SUPD_DBS=MYSQL&XE=N&CLIENT_SITE=lovestore.top&LICENSE_KEY=X&SUPD_STS=1&SUPD_URS=0&SUPD_URSA=1&TYPENC=F&CLIENT_PHPVER=5.4.40&dbv=5.6.26&instm=main%2C15.5.10%2CN%3Blists%2C15.5.4%2CN%3Bclouds%2C16.0.0%2CN%3Bcluster%2C16.0.0%2CN%3Bsocialnetwork%2C15.5.5%2CN%3Bmail%2C15.5.1%2CN%3Bfileman%2C16.0.0%2CN%3Bblog%2C15.5.4%2CN%3Bsecurity%2C15.5.5%2CN%3Bidea%2C15.0.1%2CN%3Bim%2C15.5.15%2CN%3Bsearch%2C15.5.1%2CN%3Bsupport%2C15.5.0%2CN%3Bforum%2C15.5.3%2CN%3Bconversion%2C15.5.5%2CN%3Bbitrix.sitecorporate%2C15.0.0%2CN%3Blearning%2C15.5.0%2CN%3Bbizproc%2C16.0.1%2CN%3Bseo%2C15.5.6%2CN%3Bcatalog%2C15.5.9%2CN%3Bbitrix.sitecommunity%2C15.0.0%2CN%3Bpull%2C15.5.8%2CN%3Bhighloadblock%2C15.5.0%2CN%3Bsale%2C15.5.11%2CN%3Bphotogallery%2C16.0.1%2CN%3Bwiki%2C15.5.0%2CN%3Bperfmon%2C16.0.0%2CN%3Bform%2C15.0.2%2CN%3Bbitrix.sitepersonal%2C15.0.0%2CN%3Badvertising%2C15.5.4%2CN%3Bsender%2C15.5.3%2CN%3Bbitrix.eshop%2C15.5.2%2CN%3Bvote%2C15.5.0%2CN%3Badvent.youstore%2C1.1.3%2CN%3Bsocialservices%2C15.5.3%2CN%3Bbizprocdesigner%2C16.0.0%2CN%3Bcalendar%2C15.5.0%2CN%3Btranslate%2C14.0.0%2CN%3Babtest%2C15.5.5%2CN%3Biblock%2C15.5.11%2CN%3Bscale%2C14.5.2%2CN%3Bsubscribe%2C15.0.2%2CN%3Breport%2C15.0.0%2CN%3Bcurrency%2C16.0.0%2CN%3Bcompression%2C16.0.0%2CN%3Bwebservice%2C16.0.0%2CN%3Bldap%2C15.5.0%2CN%3Bmobileapp%2C15.5.8%2CN%3Bstoreassist%2C16.0.0%2CN%3Bbitrixcloud%2C16.0.0%2CN%3Bstatistic%2C15.0.1%2CN%3Beshopapp%2C15.0.0%2CN%3Bworkflow%2C14.5.1%2CN&reqm=bitrix.sitecorporate%2Cbitrix.sitecommunity%2Cbitrix.sitepersonal%2Cbitrix.eshop%2Cadvent.youstore%2Celcorso.warehousecsvimport&SUPD_SRS=0&SUPD_CMP=N
2016-01-31 02:20:24 -  - exec CUpdateClientPartner::GetHTTPPage
2016-01-31 02:20:24 -  - TIME GetUpdatesList(request) 0.298 sec
2016-01-31 02:20:24 -  - exec CUpdateClientPartner::ParseServerData
2016-01-31 02:20:34 -  - exec CUpdateClientPartner::LoadModulesUpdates
2016-01-31 02:20:34 -  - exec CUpdateClientPartner::__CollectRequestData
2016-01-31 02:20:34 -  - utf=Y&lang=ru&stable=Y&CANGZIP=Y&SUPD_DBS=MYSQL&XE=N&CLIENT_SITE=lovestore.top&LICENSE_KEY=X&SUPD_STS=1&SUPD_URS=0&SUPD_URSA=1&TYPENC=F&CLIENT_PHPVER=5.4.40&dbv=5.6.26&instm=main%2C15.5.10%2CN%3Blists%2C15.5.4%2CN%3Bclouds%2C16.0.0%2CN%3Bcluster%2C16.0.0%2CN%3Bsocialnetwork%2C15.5.5%2CN%3Bmail%2C15.5.1%2CN%3Bfileman%2C16.0.0%2CN%3Bblog%2C15.5.4%2CN%3Bsecurity%2C15.5.5%2CN%3Bidea%2C15.0.1%2CN%3Bim%2C15.5.15%2CN%3Bsearch%2C15.5.1%2CN%3Bsupport%2C15.5.0%2CN%3Bforum%2C15.5.3%2CN%3Bconversion%2C15.5.5%2CN%3Bbitrix.sitecorporate%2C15.0.0%2CN%3Blearning%2C15.5.0%2CN%3Bbizproc%2C16.0.1%2CN%3Bseo%2C15.5.6%2CN%3Bcatalog%2C15.5.9%2CN%3Bbitrix.sitecommunity%2C15.0.0%2CN%3Bpull%2C15.5.8%2CN%3Bhighloadblock%2C15.5.0%2CN%3Bsale%2C15.5.11%2CN%3Bphotogallery%2C16.0.1%2CN%3Bwiki%2C15.5.0%2CN%3Bperfmon%2C16.0.0%2CN%3Bform%2C15.0.2%2CN%3Bbitrix.sitepersonal%2C15.0.0%2CN%3Badvertising%2C15.5.4%2CN%3Bsender%2C15.5.3%2CN%3Bbitrix.eshop%2C15.5.2%2CN%3Bvote%2C15.5.0%2CN%3Badvent.youstore%2C1.1.3%2CN%3Bsocialservices%2C15.5.3%2CN%3Bbizprocdesigner%2C16.0.0%2CN%3Bcalendar%2C15.5.0%2CN%3Btranslate%2C14.0.0%2CN%3Babtest%2C15.5.5%2CN%3Biblock%2C15.5.11%2CN%3Bscale%2C14.5.2%2CN%3Bsubscribe%2C15.0.2%2CN%3Breport%2C15.0.0%2CN%3Bcurrency%2C16.0.0%2CN%3Bcompression%2C16.0.0%2CN%3Bwebservice%2C16.0.0%2CN%3Bldap%2C15.5.0%2CN%3Bmobileapp%2C15.5.8%2CN%3Bstoreassist%2C16.0.0%2CN%3Bbitrixcloud%2C16.0.0%2CN%3Bstatistic%2C15.0.1%2CN%3Beshopapp%2C15.0.0%2CN%3Bworkflow%2C14.5.1%2CN&reqm=elcorso.warehousecsvimport&lim=Y&SUPD_SRS=0&SUPD_CMP=N
2016-01-31 02:20:34 -  - exec CUpdateClientPartner::GetHTTPPage
2016-01-31 02:20:34 -  - TIME LoadModulesUpdates(request) 0.333 sec
2016-01-31 02:20:34 -  - exec CUpdateClientPartner::ParseServerData
2016-01-31 02:20:34 - LMU01 - LoadModulesUpdates-Step
2016-01-31 02:20:34 -  - exec CUpdateClientPartner::LoadModulesUpdates
2016-01-31 02:20:34 -  - exec CUpdateClientPartner::__CollectRequestData
2016-01-31 02:20:34 -  - exec CUpdateClientPartner::ParseServerData
2016-01-31 02:20:34 - DOWNLOAD - Time - 0.29208111763 sec
2016-01-31 02:20:34 -  - exec CUpdateClientPartner::UnGzipArchive
2016-01-31 02:20:34 -  - TIME UnGzipArchive 0.002 sec
2016-01-31 02:20:34 -  - TIME UpdateStepModules 0.003 sec
2016-01-31 02:20:34 - UPD_SUCCESS - Updated: elcorso.warehousecsvimport
2016-01-31 02:20:34 -  - exec CUpdateClientPartner::LoadModulesUpdates
2016-01-31 02:20:34 -  - exec CUpdateClientPartner::__CollectRequestData
2016-01-31 02:20:34 -  - utf=Y&lang=ru&stable=Y&CANGZIP=Y&SUPD_DBS=MYSQL&XE=N&CLIENT_SITE=lovestore.top&LICENSE_KEY=X&SUPD_STS=1&SUPD_URS=0&SUPD_URSA=1&TYPENC=F&CLIENT_PHPVER=5.4.40&dbv=5.6.26&instm=main%2C15.5.10%2CN%3Blists%2C15.5.4%2CN%3Bclouds%2C16.0.0%2CN%3Bcluster%2C16.0.0%2CN%3Bsocialnetwork%2C15.5.5%2CN%3Bmail%2C15.5.1%2CN%3Bfileman%2C16.0.0%2CN%3Bblog%2C15.5.4%2CN%3Bsecurity%2C15.5.5%2CN%3Bidea%2C15.0.1%2CN%3Belcorso.warehousecsvimport%2C1.0.2%2CN%3Bim%2C15.5.15%2CN%3Bsearch%2C15.5.1%2CN%3Bsupport%2C15.5.0%2CN%3Bforum%2C15.5.3%2CN%3Bconversion%2C15.5.5%2CN%3Bbitrix.sitecorporate%2C15.0.0%2CN%3Blearning%2C15.5.0%2CN%3Bbizproc%2C16.0.1%2CN%3Bseo%2C15.5.6%2CN%3Bcatalog%2C15.5.9%2CN%3Bbitrix.sitecommunity%2C15.0.0%2CN%3Bpull%2C15.5.8%2CN%3Bhighloadblock%2C15.5.0%2CN%3Bsale%2C15.5.11%2CN%3Bphotogallery%2C16.0.1%2CN%3Bwiki%2C15.5.0%2CN%3Bperfmon%2C16.0.0%2CN%3Bform%2C15.0.2%2CN%3Bbitrix.sitepersonal%2C15.0.0%2CN%3Badvertising%2C15.5.4%2CN%3Bsender%2C15.5.3%2CN%3Bbitrix.eshop%2C15.5.2%2CN%3Bvote%2C15.5.0%2CN%3Badvent.youstore%2C1.1.3%2CN%3Bsocialservices%2C15.5.3%2CN%3Bbizprocdesigner%2C16.0.0%2CN%3Bcalendar%2C15.5.0%2CN%3Btranslate%2C14.0.0%2CN%3Babtest%2C15.5.5%2CN%3Biblock%2C15.5.11%2CN%3Bscale%2C14.5.2%2CN%3Bsubscribe%2C15.0.2%2CN%3Breport%2C15.0.0%2CN%3Bcurrency%2C16.0.0%2CN%3Bcompression%2C16.0.0%2CN%3Bwebservice%2C16.0.0%2CN%3Bldap%2C15.5.0%2CN%3Bmobileapp%2C15.5.8%2CN%3Bstoreassist%2C16.0.0%2CN%3Bbitrixcloud%2C16.0.0%2CN%3Bstatistic%2C15.0.1%2CN%3Beshopapp%2C15.0.0%2CN%3Bworkflow%2C14.5.1%2CN&reqm=elcorso.warehousecsvimport&lim=Y&SUPD_SRS=0&SUPD_CMP=N
2016-01-31 02:20:34 -  - exec CUpdateClientPartner::GetHTTPPage
2016-01-31 02:20:35 -  - TIME LoadModulesUpdates(request) 0.257 sec
2016-01-31 02:20:35 -  - exec CUpdateClientPartner::ParseServerData
2016-01-31 02:20:35 - STEP - Finish - NOUPDATES
2016-01-31 02:20:35 - STEP - Finish - NOUPDATES
2016-01-31 02:20:39 -  - exec CUpdateClientPartner::GetUpdatesList
2016-01-31 02:20:39 -  - exec CUpdateClientPartner::__CollectRequestData
2016-01-31 02:20:39 -  - utf=Y&lang=ru&stable=Y&CANGZIP=Y&SUPD_DBS=MYSQL&XE=N&CLIENT_SITE=lovestore.top&LICENSE_KEY=X&SUPD_STS=1&SUPD_URS=0&SUPD_URSA=1&TYPENC=F&CLIENT_PHPVER=5.4.40&dbv=5.6.26&instm=main%2C15.5.10%2CN%3Blists%2C15.5.4%2CN%3Bclouds%2C16.0.0%2CN%3Bcluster%2C16.0.0%2CN%3Bsocialnetwork%2C15.5.5%2CN%3Bmail%2C15.5.1%2CN%3Bfileman%2C16.0.0%2CN%3Bblog%2C15.5.4%2CN%3Bsecurity%2C15.5.5%2CN%3Bidea%2C15.0.1%2CN%3Belcorso.warehousecsvimport%2C1.0.2%2CN%3Bim%2C15.5.15%2CN%3Bsearch%2C15.5.1%2CN%3Bsupport%2C15.5.0%2CN%3Bforum%2C15.5.3%2CN%3Bconversion%2C15.5.5%2CN%3Bbitrix.sitecorporate%2C15.0.0%2CN%3Blearning%2C15.5.0%2CN%3Bbizproc%2C16.0.1%2CN%3Bseo%2C15.5.6%2CN%3Bcatalog%2C15.5.9%2CN%3Bbitrix.sitecommunity%2C15.0.0%2CN%3Bpull%2C15.5.8%2CN%3Bhighloadblock%2C15.5.0%2CN%3Bsale%2C15.5.11%2CN%3Bphotogallery%2C16.0.1%2CN%3Bwiki%2C15.5.0%2CN%3Bperfmon%2C16.0.0%2CN%3Bform%2C15.0.2%2CN%3Bbitrix.sitepersonal%2C15.0.0%2CN%3Badvertising%2C15.5.4%2CN%3Bsender%2C15.5.3%2CN%3Bbitrix.eshop%2C15.5.2%2CN%3Bvote%2C15.5.0%2CN%3Badvent.youstore%2C1.1.3%2CN%3Bsocialservices%2C15.5.3%2CN%3Bbizprocdesigner%2C16.0.0%2CN%3Bcalendar%2C15.5.0%2CN%3Btranslate%2C14.0.0%2CN%3Babtest%2C15.5.5%2CN%3Biblock%2C15.5.11%2CN%3Bscale%2C14.5.2%2CN%3Bsubscribe%2C15.0.2%2CN%3Breport%2C15.0.0%2CN%3Bcurrency%2C16.0.0%2CN%3Bcompression%2C16.0.0%2CN%3Bwebservice%2C16.0.0%2CN%3Bldap%2C15.5.0%2CN%3Bmobileapp%2C15.5.8%2CN%3Bstoreassist%2C16.0.0%2CN%3Bbitrixcloud%2C16.0.0%2CN%3Bstatistic%2C15.0.1%2CN%3Beshopapp%2C15.0.0%2CN%3Bworkflow%2C14.5.1%2CN&reqm=elcorso.warehousecsvimport%2Cbitrix.sitecorporate%2Cbitrix.sitecommunity%2Cbitrix.sitepersonal%2Cbitrix.eshop%2Cadvent.youstore&fullmoduleinfo=Y&SUPD_SRS=0&SUPD_CMP=N
2016-01-31 02:20:39 -  - exec CUpdateClientPartner::GetHTTPPage
2016-01-31 02:20:40 -  - TIME GetUpdatesList(request) 0.309 sec
2016-01-31 02:20:40 -  - exec CUpdateClientPartner::ParseServerData
2016-01-31 02:20:40 -  - exec CUpdateClientPartner::GetUpdatesList
2016-01-31 02:20:40 -  - exec CUpdateClientPartner::__CollectRequestData
2016-01-31 02:20:40 -  - utf=Y&lang=ru&stable=Y&CANGZIP=Y&SUPD_DBS=MYSQL&XE=N&CLIENT_SITE=lovestore.top&LICENSE_KEY=X&SUPD_STS=1&SUPD_URS=0&SUPD_URSA=1&TYPENC=F&CLIENT_PHPVER=5.4.40&dbv=5.6.26&instm=main%2C15.5.10%2CN%3Blists%2C15.5.4%2CN%3Bclouds%2C16.0.0%2CN%3Bcluster%2C16.0.0%2CN%3Bsocialnetwork%2C15.5.5%2CN%3Bmail%2C15.5.1%2CN%3Bfileman%2C16.0.0%2CN%3Bblog%2C15.5.4%2CN%3Bsecurity%2C15.5.5%2CN%3Bidea%2C15.0.1%2CN%3Belcorso.warehousecsvimport%2C1.0.2%2CN%3Bim%2C15.5.15%2CN%3Bsearch%2C15.5.1%2CN%3Bsupport%2C15.5.0%2CN%3Bforum%2C15.5.3%2CN%3Bconversion%2C15.5.5%2CN%3Bbitrix.sitecorporate%2C15.0.0%2CN%3Blearning%2C15.5.0%2CN%3Bbizproc%2C16.0.1%2CN%3Bseo%2C15.5.6%2CN%3Bcatalog%2C15.5.9%2CN%3Bbitrix.sitecommunity%2C15.0.0%2CN%3Bpull%2C15.5.8%2CN%3Bhighloadblock%2C15.5.0%2CN%3Bsale%2C15.5.11%2CN%3Bphotogallery%2C16.0.1%2CN%3Bwiki%2C15.5.0%2CN%3Bperfmon%2C16.0.0%2CN%3Bform%2C15.0.2%2CN%3Bbitrix.sitepersonal%2C15.0.0%2CN%3Badvertising%2C15.5.4%2CN%3Bsender%2C15.5.3%2CN%3Bbitrix.eshop%2C15.5.2%2CN%3Bvote%2C15.5.0%2CN%3Badvent.youstore%2C1.1.3%2CN%3Bsocialservices%2C15.5.3%2CN%3Bbizprocdesigner%2C16.0.0%2CN%3Bcalendar%2C15.5.0%2CN%3Btranslate%2C14.0.0%2CN%3Babtest%2C15.5.5%2CN%3Biblock%2C15.5.11%2CN%3Bscale%2C14.5.2%2CN%3Bsubscribe%2C15.0.2%2CN%3Breport%2C15.0.0%2CN%3Bcurrency%2C16.0.0%2CN%3Bcompression%2C16.0.0%2CN%3Bwebservice%2C16.0.0%2CN%3Bldap%2C15.5.0%2CN%3Bmobileapp%2C15.5.8%2CN%3Bstoreassist%2C16.0.0%2CN%3Bbitrixcloud%2C16.0.0%2CN%3Bstatistic%2C15.0.1%2CN%3Beshopapp%2C15.0.0%2CN%3Bworkflow%2C14.5.1%2CN&reqm=elcorso.warehousecsvimport%2Cbitrix.sitecorporate%2Cbitrix.sitecommunity%2Cbitrix.sitepersonal%2Cbitrix.eshop%2Cadvent.youstore&fullmoduleinfo=Y&SUPD_SRS=0&SUPD_CMP=N
2016-01-31 02:20:40 -  - exec CUpdateClientPartner::GetHTTPPage
2016-01-31 02:20:40 -  - TIME GetUpdatesList(request) 0.406 sec
2016-01-31 02:20:40 -  - exec CUpdateClientPartner::ParseServerData
2016-01-31 02:21:26 -  - exec CUpdateClientPartner::GetUpdatesList
2016-01-31 02:21:26 -  - exec CUpdateClientPartner::__CollectRequestData
2016-01-31 02:21:26 -  - utf=Y&lang=ru&stable=Y&CANGZIP=Y&SUPD_DBS=MYSQL&XE=N&CLIENT_SITE=lovestore.top&LICENSE_KEY=X&SUPD_STS=1&SUPD_URS=0&SUPD_URSA=1&TYPENC=F&CLIENT_PHPVER=5.4.40&dbv=5.6.26&instm=main%2C15.5.10%2CN%3Blists%2C15.5.4%2CN%3Bclouds%2C16.0.0%2CN%3Bcluster%2C16.0.0%2CN%3Bsocialnetwork%2C15.5.5%2CN%3Bmail%2C15.5.1%2CN%3Bfileman%2C16.0.0%2CN%3Bblog%2C15.5.4%2CN%3Bsecurity%2C15.5.5%2CN%3Bidea%2C15.0.1%2CN%3Belcorso.warehousecsvimport%2C1.0.2%2CN%3Bim%2C15.5.15%2CN%3Bsearch%2C15.5.1%2CN%3Bsupport%2C15.5.0%2CN%3Bforum%2C15.5.3%2CN%3Bconversion%2C15.5.5%2CN%3Bbitrix.sitecorporate%2C15.0.0%2CN%3Blearning%2C15.5.0%2CN%3Bbizproc%2C16.0.1%2CN%3Bseo%2C15.5.6%2CN%3Bcatalog%2C15.5.9%2CN%3Bbitrix.sitecommunity%2C15.0.0%2CN%3Bpull%2C15.5.8%2CN%3Bhighloadblock%2C15.5.0%2CN%3Bsale%2C15.5.11%2CN%3Bphotogallery%2C16.0.1%2CN%3Bwiki%2C15.5.0%2CN%3Bperfmon%2C16.0.0%2CN%3Bform%2C15.0.2%2CN%3Bbitrix.sitepersonal%2C15.0.0%2CN%3Badvertising%2C15.5.4%2CN%3Bsender%2C15.5.3%2CN%3Bbitrix.eshop%2C15.5.2%2CN%3Bvote%2C15.5.0%2CN%3Badvent.youstore%2C1.1.3%2CN%3Bsocialservices%2C15.5.3%2CN%3Bbizprocdesigner%2C16.0.0%2CN%3Bcalendar%2C15.5.0%2CN%3Btranslate%2C14.0.0%2CN%3Babtest%2C15.5.5%2CN%3Biblock%2C15.5.11%2CN%3Bscale%2C14.5.2%2CN%3Bsubscribe%2C15.0.2%2CN%3Breport%2C15.0.0%2CN%3Bcurrency%2C16.0.0%2CN%3Bcompression%2C16.0.0%2CN%3Bwebservice%2C16.0.0%2CN%3Bldap%2C15.5.0%2CN%3Bmobileapp%2C15.5.8%2CN%3Bstoreassist%2C16.0.0%2CN%3Bbitrixcloud%2C16.0.0%2CN%3Bstatistic%2C15.0.1%2CN%3Beshopapp%2C15.0.0%2CN%3Bworkflow%2C14.5.1%2CN&reqm=elcorso.warehousecsvimport%2Cbitrix.sitecorporate%2Cbitrix.sitecommunity%2Cbitrix.sitepersonal%2Cbitrix.eshop%2Cadvent.youstore&fullmoduleinfo=Y&SUPD_SRS=0&SUPD_CMP=N
2016-01-31 02:21:26 -  - exec CUpdateClientPartner::GetHTTPPage
2016-01-31 02:21:27 -  - TIME GetUpdatesList(request) 0.301 sec
2016-01-31 02:21:27 -  - exec CUpdateClientPartner::ParseServerData
